<?xml version="1.0" encoding="UTF-8"?>
<coverage generated="1738820525415" clover="3.2.0">
  <project timestamp="1738820525415" name="All files">
    <metrics statements="23" coveredstatements="13" conditionals="2" coveredconditionals="0" methods="10" coveredmethods="4" elements="35" coveredelements="17" complexity="0" loc="23" ncloc="23" packages="2" files="5" classes="5"/>
    <package name="components">
      <metrics statements="14" coveredstatements="8" conditionals="2" coveredconditionals="0" methods="6" coveredmethods="3"/>
      <file name="Header.js" path="/Users/aptyuser/Desktop/Mamatha_Final/Mamatha/GroceryApp/GroceryApp/src/components/Header.js">
        <metrics statements="10" coveredstatements="4" conditionals="2" coveredconditionals="0" methods="4" coveredmethods="1"/>
        <line num="8" count="1" type="stmt"/>
        <line num="9" count="3" type="stmt"/>
        <line num="10" count="2" type="stmt"/>
        <line num="15" count="2" type="stmt"/>
        <line num="17" count="0" type="stmt"/>
        <line num="19" count="0" type="stmt"/>
        <line num="31" count="0" type="stmt"/>
        <line num="37" count="0" type="cond" truecount="0" falsecount="2"/>
        <line num="38" count="0" type="stmt"/>
        <line num="40" count="0" type="stmt"/>
      </file>
      <file name="Login.js" path="/Users/aptyuser/Desktop/Mamatha_Final/Mamatha/GroceryApp/GroceryApp/src/components/Login.js">
        <metrics statements="2" coveredstatements="2" conditionals="0" coveredconditionals="0" methods="1" coveredmethods="1"/>
        <line num="4" count="1" type="stmt"/>
        <line num="5" count="1" type="stmt"/>
      </file>
      <file name="sum.js" path="/Users/aptyuser/Desktop/Mamatha_Final/Mamatha/GroceryApp/GroceryApp/src/components/sum.js">
        <metrics statements="2" coveredstatements="2" conditionals="0" coveredconditionals="0" methods="1" coveredmethods="1"/>
        <line num="3" count="1" type="stmt"/>
        <line num="4" count="1" type="stmt"/>
      </file>
    </package>
    <package name="utils">
      <metrics statements="9" coveredstatements="5" conditionals="0" coveredconditionals="0" methods="4" coveredmethods="1"/>
      <file name="AddItemsToCartContext.js" path="/Users/aptyuser/Desktop/Mamatha_Final/Mamatha/GroceryApp/GroceryApp/src/utils/AddItemsToCartContext.js">
        <metrics statements="1" coveredstatements="1" conditionals="0" coveredconditionals="0" methods="0" coveredmethods="0"/>
        <line num="3" count="1" type="stmt"/>
      </file>
      <file name="useOnlineStatus.js" path="/Users/aptyuser/Desktop/Mamatha_Final/Mamatha/GroceryApp/GroceryApp/src/utils/useOnlineStatus.js">
        <metrics statements="8" coveredstatements="4" conditionals="0" coveredconditionals="0" methods="4" coveredmethods="1"/>
        <line num="4" count="1" type="stmt"/>
        <line num="7" count="2" type="stmt"/>
        <line num="8" count="2" type="stmt"/>
        <line num="11" count="0" type="stmt"/>
        <line num="12" count="0" type="stmt"/>
        <line num="14" count="0" type="stmt"/>
        <line num="15" count="0" type="stmt"/>
        <line num="21" count="2" type="stmt"/>
      </file>
    </package>
  </project>
</coverage>
