<?xml version="1.0" encoding="UTF-8"?>
<coverage generated="1739180830874" clover="3.2.0">
  <project timestamp="1739180830874" name="All files">
    <metrics statements="104" coveredstatements="50" conditionals="11" coveredconditionals="3" methods="42" coveredmethods="16" elements="157" coveredelements="69" complexity="0" loc="104" ncloc="104" packages="2" files="14" classes="14"/>
    <package name="components">
      <metrics statements="57" coveredstatements="32" conditionals="7" coveredconditionals="2" methods="26" coveredmethods="12"/>
      <file name="Body.js" path="/Users/aptyuser/Desktop/Mamatha_Final/Mamatha/GroceryApp/GroceryApp/src/components/Body.js">
        <metrics statements="27" coveredstatements="15" conditionals="2" coveredconditionals="2" methods="12" coveredmethods="5"/>
        <line num="12" count="1" type="stmt"/>
        <line num="16" count="5" type="stmt"/>
        <line num="19" count="4" type="stmt"/>
        <line num="20" count="4" type="stmt"/>
        <line num="23" count="4" type="stmt"/>
        <line num="25" count="2" type="stmt"/>
        <line num="26" count="2" type="stmt"/>
        <line num="27" count="2" type="stmt"/>
        <line num="28" count="2" type="stmt"/>
        <line num="29" count="2" type="stmt"/>
        <line num="30" count="2" type="stmt"/>
        <line num="36" count="4" type="stmt"/>
        <line num="37" count="2" type="stmt"/>
        <line num="43" count="4" type="cond" truecount="2" falsecount="0"/>
        <line num="52" count="0" type="stmt"/>
        <line num="54" count="0" type="stmt"/>
        <line num="55" count="0" type="stmt"/>
        <line num="57" count="0" type="stmt"/>
        <line num="66" count="0" type="stmt"/>
        <line num="68" count="0" type="stmt"/>
        <line num="69" count="0" type="stmt"/>
        <line num="74" count="0" type="stmt"/>
        <line num="75" count="0" type="stmt"/>
        <line num="77" count="0" type="stmt"/>
        <line num="80" count="0" type="stmt"/>
        <line num="84" count="0" type="stmt"/>
        <line num="100" count="20" type="stmt"/>
      </file>
      <file name="CategoryCard.js" path="/Users/aptyuser/Desktop/Mamatha_Final/Mamatha/GroceryApp/GroceryApp/src/components/CategoryCard.js">
        <metrics statements="6" coveredstatements="2" conditionals="0" coveredconditionals="0" methods="2" coveredmethods="1"/>
        <line num="5" count="1" type="stmt"/>
        <line num="9" count="2" type="stmt"/>
        <line num="10" count="0" type="stmt"/>
        <line num="11" count="0" type="stmt"/>
        <line num="15" count="0" type="stmt"/>
        <line num="16" count="0" type="stmt"/>
      </file>
      <file name="Header.js" path="/Users/aptyuser/Desktop/Mamatha_Final/Mamatha/GroceryApp/GroceryApp/src/components/Header.js">
        <metrics statements="6" coveredstatements="6" conditionals="0" coveredconditionals="0" methods="4" coveredmethods="3"/>
        <line num="8" count="1" type="stmt"/>
        <line num="9" count="9" type="stmt"/>
        <line num="10" count="9" type="stmt"/>
        <line num="15" count="16" type="stmt"/>
        <line num="19" count="9" type="stmt"/>
        <line num="38" count="1" type="stmt"/>
      </file>
      <file name="IndividualCategoryItem.js" path="/Users/aptyuser/Desktop/Mamatha_Final/Mamatha/GroceryApp/GroceryApp/src/components/IndividualCategoryItem.js">
        <metrics statements="7" coveredstatements="2" conditionals="0" coveredconditionals="0" methods="3" coveredmethods="0"/>
        <line num="4" count="1" type="stmt"/>
        <line num="6" count="0" type="stmt"/>
        <line num="7" count="0" type="stmt"/>
        <line num="19" count="1" type="stmt"/>
        <line num="20" count="0" type="stmt"/>
        <line num="21" count="0" type="stmt"/>
        <line num="22" count="0" type="stmt"/>
      </file>
      <file name="IndividualCategoryItemsList.js" path="/Users/aptyuser/Desktop/Mamatha_Final/Mamatha/GroceryApp/GroceryApp/src/components/IndividualCategoryItemsList.js">
        <metrics statements="5" coveredstatements="1" conditionals="5" coveredconditionals="0" methods="2" coveredmethods="0"/>
        <line num="6" count="1" type="stmt"/>
        <line num="9" count="0" type="stmt"/>
        <line num="10" count="0" type="stmt"/>
        <line num="11" count="0" type="stmt"/>
        <line num="21" count="0" type="cond" truecount="0" falsecount="2"/>
      </file>
      <file name="Login.js" path="/Users/aptyuser/Desktop/Mamatha_Final/Mamatha/GroceryApp/GroceryApp/src/components/Login.js">
        <metrics statements="2" coveredstatements="2" conditionals="0" coveredconditionals="0" methods="1" coveredmethods="1"/>
        <line num="4" count="1" type="stmt"/>
        <line num="5" count="2" type="stmt"/>
      </file>
      <file name="Shimmer.js" path="/Users/aptyuser/Desktop/Mamatha_Final/Mamatha/GroceryApp/GroceryApp/src/components/Shimmer.js">
        <metrics statements="2" coveredstatements="2" conditionals="0" coveredconditionals="0" methods="1" coveredmethods="1"/>
        <line num="3" count="1" type="stmt"/>
        <line num="4" count="2" type="stmt"/>
      </file>
      <file name="sum.js" path="/Users/aptyuser/Desktop/Mamatha_Final/Mamatha/GroceryApp/GroceryApp/src/components/sum.js">
        <metrics statements="2" coveredstatements="2" conditionals="0" coveredconditionals="0" methods="1" coveredmethods="1"/>
        <line num="3" count="1" type="stmt"/>
        <line num="4" count="1" type="stmt"/>
      </file>
    </package>
    <package name="utils">
      <metrics statements="47" coveredstatements="18" conditionals="4" coveredconditionals="1" methods="16" coveredmethods="4"/>
      <file name="AddItemsToCartContext.js" path="/Users/aptyuser/Desktop/Mamatha_Final/Mamatha/GroceryApp/GroceryApp/src/utils/AddItemsToCartContext.js">
        <metrics statements="1" coveredstatements="1" conditionals="0" coveredconditionals="0" methods="0" coveredmethods="0"/>
        <line num="3" count="1" type="stmt"/>
      </file>
      <file name="CategoryContext.js" path="/Users/aptyuser/Desktop/Mamatha_Final/Mamatha/GroceryApp/GroceryApp/src/utils/CategoryContext.js">
        <metrics statements="11" coveredstatements="2" conditionals="0" coveredconditionals="0" methods="3" coveredmethods="0"/>
        <line num="4" count="1" type="stmt"/>
        <line num="6" count="1" type="stmt"/>
        <line num="7" count="0" type="stmt"/>
        <line num="11" count="0" type="stmt"/>
        <line num="13" count="0" type="stmt"/>
        <line num="14" count="0" type="stmt"/>
        <line num="15" count="0" type="stmt"/>
        <line num="16" count="0" type="stmt"/>
        <line num="21" count="0" type="stmt"/>
        <line num="22" count="0" type="stmt"/>
        <line num="25" count="0" type="stmt"/>
      </file>
      <file name="cartSlice.js" path="/Users/aptyuser/Desktop/Mamatha_Final/Mamatha/GroceryApp/GroceryApp/src/utils/cartSlice.js">
        <metrics statements="10" coveredstatements="2" conditionals="2" coveredconditionals="0" methods="4" coveredmethods="0"/>
        <line num="4" count="1" type="stmt"/>
        <line num="11" count="0" type="stmt"/>
        <line num="14" count="0" type="stmt"/>
        <line num="15" count="0" type="stmt"/>
        <line num="18" count="0" type="stmt"/>
        <line num="19" count="0" type="cond" truecount="0" falsecount="2"/>
        <line num="21" count="0" type="stmt"/>
        <line num="25" count="0" type="stmt"/>
        <line num="28" count="0" type="stmt"/>
        <line num="34" count="1" type="stmt"/>
      </file>
      <file name="constants.js" path="/Users/aptyuser/Desktop/Mamatha_Final/Mamatha/GroceryApp/GroceryApp/src/utils/constants.js">
        <metrics statements="1" coveredstatements="1" conditionals="0" coveredconditionals="0" methods="0" coveredmethods="0"/>
        <line num="1" count="1" type="stmt"/>
      </file>
      <file name="useCategoryList.js" path="/Users/aptyuser/Desktop/Mamatha_Final/Mamatha/GroceryApp/GroceryApp/src/utils/useCategoryList.js">
        <metrics statements="13" coveredstatements="1" conditionals="0" coveredconditionals="0" methods="4" coveredmethods="0"/>
        <line num="5" count="1" type="stmt"/>
        <line num="7" count="0" type="stmt"/>
        <line num="8" count="0" type="stmt"/>
        <line num="9" count="0" type="stmt"/>
        <line num="11" count="0" type="stmt"/>
        <line num="12" count="0" type="stmt"/>
        <line num="13" count="0" type="stmt"/>
        <line num="14" count="0" type="stmt"/>
        <line num="15" count="0" type="stmt"/>
        <line num="16" count="0" type="stmt"/>
        <line num="22" count="0" type="stmt"/>
        <line num="23" count="0" type="stmt"/>
        <line num="26" count="0" type="stmt"/>
      </file>
      <file name="useOnlineStatus.js" path="/Users/aptyuser/Desktop/Mamatha_Final/Mamatha/GroceryApp/GroceryApp/src/utils/useOnlineStatus.js">
        <metrics statements="11" coveredstatements="11" conditionals="2" coveredconditionals="1" methods="5" coveredmethods="4"/>
        <line num="4" count="1" type="stmt"/>
        <line num="7" count="11" type="cond" truecount="1" falsecount="1"/>
        <line num="9" count="11" type="stmt"/>
        <line num="10" count="11" type="stmt"/>
        <line num="11" count="11" type="stmt"/>
        <line num="14" count="8" type="stmt"/>
        <line num="15" count="8" type="stmt"/>
        <line num="16" count="8" type="stmt"/>
        <line num="17" count="8" type="stmt"/>
        <line num="18" count="8" type="stmt"/>
        <line num="25" count="11" type="stmt"/>
      </file>
    </package>
  </project>
</coverage>
