{"/Users/aptyuser/Desktop/Mamatha_Final/Mamatha/GroceryApp/GroceryApp/src/components/Body.js": {"path":"/Users/aptyuser/Desktop/Mamatha_Final/Mamatha/GroceryApp/GroceryApp/src/components/Body.js","statementMap":{"0":{"start":{"line":12,"column":11},"end":{"line":111,"column":1}},"1":{"start":{"line":16,"column":39},"end":{"line":16,"column":51}},"2":{"start":{"line":19,"column":45},"end":{"line":19,"column":57}},"3":{"start":{"line":20,"column":49},"end":{"line":20,"column":61}},"4":{"start":{"line":23,"column":22},"end":{"line":34,"column":6}},"5":{"start":{"line":25,"column":21},"end":{"line":25,"column":71}},"6":{"start":{"line":26,"column":25},"end":{"line":26,"column":42}},"7":{"start":{"line":27,"column":9},"end":{"line":27,"column":43}},"8":{"start":{"line":28,"column":8},"end":{"line":31,"column":14}},"9":{"start":{"line":29,"column":9},"end":{"line":29,"column":48}},"10":{"start":{"line":30,"column":9},"end":{"line":30,"column":47}},"11":{"start":{"line":36,"column":5},"end":{"line":39,"column":10}},"12":{"start":{"line":37,"column":9},"end":{"line":37,"column":21}},"13":{"start":{"line":43,"column":3},"end":{"line":110,"column":6}},"14":{"start":{"line":52,"column":20},"end":{"line":59,"column":21}},"15":{"start":{"line":54,"column":24},"end":{"line":54,"column":44}},"16":{"start":{"line":55,"column":22},"end":{"line":58,"column":27}},"17":{"start":{"line":57,"column":22},"end":{"line":57,"column":29}},"18":{"start":{"line":66,"column":24},"end":{"line":66,"column":55}},"19":{"start":{"line":68,"column":37},"end":{"line":68,"column":63}},"20":{"start":{"line":69,"column":20},"end":{"line":69,"column":34}},"21":{"start":{"line":74,"column":26},"end":{"line":74,"column":69}},"22":{"start":{"line":75,"column":15},"end":{"line":75,"column":34}},"23":{"start":{"line":77,"column":42},"end":{"line":81,"column":18}},"24":{"start":{"line":80,"column":19},"end":{"line":80,"column":75}},"25":{"start":{"line":84,"column":16},"end":{"line":84,"column":55}},"26":{"start":{"line":100,"column":20},"end":{"line":102,"column":98}}},"fnMap":{"0":{"name":"(anonymous_0)","decl":{"start":{"line":12,"column":11},"end":{"line":12,"column":12}},"loc":{"start":{"line":12,"column":15},"end":{"line":111,"column":1}},"line":12},"1":{"name":"(anonymous_1)","decl":{"start":{"line":23,"column":22},"end":{"line":23,"column":23}},"loc":{"start":{"line":23,"column":32},"end":{"line":34,"column":6}},"line":23},"2":{"name":"(anonymous_2)","decl":{"start":{"line":28,"column":19},"end":{"line":28,"column":20}},"loc":{"start":{"line":28,"column":23},"end":{"line":31,"column":9}},"line":28},"3":{"name":"(anonymous_3)","decl":{"start":{"line":36,"column":15},"end":{"line":36,"column":16}},"loc":{"start":{"line":36,"column":19},"end":{"line":39,"column":6}},"line":36},"4":{"name":"(anonymous_4)","decl":{"start":{"line":47,"column":87},"end":{"line":47,"column":88}},"loc":{"start":{"line":47,"column":92},"end":{"line":70,"column":13}},"line":47},"5":{"name":"doSomeMagic","decl":{"start":{"line":50,"column":28},"end":{"line":50,"column":39}},"loc":{"start":{"line":50,"column":52},"end":{"line":62,"column":19}},"line":50},"6":{"name":"(anonymous_6)","decl":{"start":{"line":52,"column":27},"end":{"line":52,"column":28}},"loc":{"start":{"line":52,"column":38},"end":{"line":59,"column":21}},"line":52},"7":{"name":"(anonymous_7)","decl":{"start":{"line":55,"column":39},"end":{"line":55,"column":40}},"loc":{"start":{"line":55,"column":43},"end":{"line":58,"column":21}},"line":55},"8":{"name":"searchFn","decl":{"start":{"line":63,"column":29},"end":{"line":63,"column":37}},"loc":{"start":{"line":64,"column":20},"end":{"line":67,"column":21}},"line":64},"9":{"name":"(anonymous_9)","decl":{"start":{"line":72,"column":74},"end":{"line":72,"column":75}},"loc":{"start":{"line":72,"column":78},"end":{"line":86,"column":13}},"line":72},"10":{"name":"(anonymous_10)","decl":{"start":{"line":77,"column":67},"end":{"line":77,"column":68}},"loc":{"start":{"line":77,"column":80},"end":{"line":81,"column":17}},"line":77},"11":{"name":"(anonymous_11)","decl":{"start":{"line":99,"column":38},"end":{"line":99,"column":39}},"loc":{"start":{"line":99,"column":60},"end":{"line":103,"column":17}},"line":99}},"branchMap":{"0":{"loc":{"start":{"line":43,"column":12},"end":{"line":110,"column":5}},"type":"cond-expr","locations":[{"start":{"line":43,"column":43},"end":{"line":43,"column":53}},{"start":{"line":44,"column":4},"end":{"line":108,"column":10}}],"line":43}},"s":{"0":1,"1":5,"2":4,"3":4,"4":4,"5":2,"6":2,"7":2,"8":2,"9":2,"10":2,"11":4,"12":2,"13":4,"14":0,"15":0,"16":0,"17":0,"18":0,"19":0,"20":0,"21":0,"22":0,"23":0,"24":0,"25":0,"26":20},"f":{"0":5,"1":2,"2":2,"3":2,"4":0,"5":0,"6":0,"7":0,"8":0,"9":0,"10":0,"11":20},"b":{"0":[2,2]},"_coverageSchema":"1a1c01bbd47fc00a2c39e90264f33305004495a9","hash":"6db1b47964b9fa3e32b4c21009e0caedcbcce08e"}
,"/Users/aptyuser/Desktop/Mamatha_Final/Mamatha/GroceryApp/GroceryApp/src/components/CategoryCard.js": {"path":"/Users/aptyuser/Desktop/Mamatha_Final/Mamatha/GroceryApp/GroceryApp/src/components/CategoryCard.js","statementMap":{"0":{"start":{"line":5,"column":19},"end":{"line":34,"column":1}},"1":{"start":{"line":9,"column":24},"end":{"line":9,"column":57}},"2":{"start":{"line":10,"column":3},"end":{"line":10,"column":44}},"3":{"start":{"line":11,"column":4},"end":{"line":33,"column":5}},"4":{"start":{"line":15,"column":15},"end":{"line":15,"column":47}},"5":{"start":{"line":16,"column":16},"end":{"line":27,"column":17}}},"fnMap":{"0":{"name":"(anonymous_0)","decl":{"start":{"line":5,"column":19},"end":{"line":5,"column":20}},"loc":{"start":{"line":5,"column":39},"end":{"line":34,"column":1}},"line":5},"1":{"name":"(anonymous_1)","decl":{"start":{"line":14,"column":46},"end":{"line":14,"column":47}},"loc":{"start":{"line":14,"column":58},"end":{"line":29,"column":16}},"line":14}},"branchMap":{},"s":{"0":1,"1":2,"2":0,"3":0,"4":0,"5":0},"f":{"0":2,"1":0},"b":{},"_coverageSchema":"1a1c01bbd47fc00a2c39e90264f33305004495a9","hash":"4b0c42497b81dc734ebd877b2ae37a13a31ffa33"}
,"/Users/aptyuser/Desktop/Mamatha_Final/Mamatha/GroceryApp/GroceryApp/src/components/Header.js": {"path":"/Users/aptyuser/Desktop/Mamatha_Final/Mamatha/GroceryApp/GroceryApp/src/components/Header.js","statementMap":{"0":{"start":{"line":8,"column":14},"end":{"line":47,"column":1}},"1":{"start":{"line":9,"column":39},"end":{"line":9,"column":57}},"2":{"start":{"line":10,"column":23},"end":{"line":10,"column":40}},"3":{"start":{"line":15,"column":18},"end":{"line":15,"column":56}},"4":{"start":{"line":15,"column":39},"end":{"line":15,"column":55}},"5":{"start":{"line":19,"column":4},"end":{"line":46,"column":5}},"6":{"start":{"line":38,"column":27},"end":{"line":38,"column":50}}},"fnMap":{"0":{"name":"(anonymous_0)","decl":{"start":{"line":8,"column":14},"end":{"line":8,"column":15}},"loc":{"start":{"line":8,"column":18},"end":{"line":47,"column":1}},"line":8},"1":{"name":"(anonymous_1)","decl":{"start":{"line":15,"column":30},"end":{"line":15,"column":31}},"loc":{"start":{"line":15,"column":39},"end":{"line":15,"column":55}},"line":15},"2":{"name":"(anonymous_2)","decl":{"start":{"line":30,"column":113},"end":{"line":30,"column":114}},"loc":{"start":{"line":30,"column":118},"end":{"line":32,"column":21}},"line":30},"3":{"name":"(anonymous_3)","decl":{"start":{"line":36,"column":97},"end":{"line":36,"column":98}},"loc":{"start":{"line":36,"column":101},"end":{"line":39,"column":25}},"line":36}},"branchMap":{},"s":{"0":1,"1":9,"2":9,"3":9,"4":16,"5":9,"6":1},"f":{"0":9,"1":16,"2":0,"3":1},"b":{},"_coverageSchema":"1a1c01bbd47fc00a2c39e90264f33305004495a9","hash":"50f3539c63286b9849ed51f607843a507e1bacde"}
,"/Users/aptyuser/Desktop/Mamatha_Final/Mamatha/GroceryApp/GroceryApp/src/components/IndividualCategoryItem.js": {"path":"/Users/aptyuser/Desktop/Mamatha_Final/Mamatha/GroceryApp/GroceryApp/src/components/IndividualCategoryItem.js","statementMap":{"0":{"start":{"line":4,"column":29},"end":{"line":16,"column":1}},"1":{"start":{"line":6,"column":4},"end":{"line":6,"column":33}},"2":{"start":{"line":7,"column":4},"end":{"line":14,"column":9}},"3":{"start":{"line":19,"column":50},"end":{"line":30,"column":1}},"4":{"start":{"line":20,"column":4},"end":{"line":29,"column":5}},"5":{"start":{"line":21,"column":8},"end":{"line":21,"column":48}},"6":{"start":{"line":22,"column":8},"end":{"line":28,"column":9}}},"fnMap":{"0":{"name":"(anonymous_0)","decl":{"start":{"line":4,"column":29},"end":{"line":4,"column":30}},"loc":{"start":{"line":4,"column":39},"end":{"line":16,"column":1}},"line":4},"1":{"name":"(anonymous_1)","decl":{"start":{"line":19,"column":50},"end":{"line":19,"column":51}},"loc":{"start":{"line":19,"column":76},"end":{"line":30,"column":1}},"line":19},"2":{"name":"(anonymous_2)","decl":{"start":{"line":20,"column":11},"end":{"line":20,"column":12}},"loc":{"start":{"line":20,"column":20},"end":{"line":29,"column":5}},"line":20}},"branchMap":{},"s":{"0":1,"1":0,"2":0,"3":1,"4":0,"5":0,"6":0},"f":{"0":0,"1":0,"2":0},"b":{},"_coverageSchema":"1a1c01bbd47fc00a2c39e90264f33305004495a9","hash":"1985a8bcd7c1545299c310941e4b921b5fb6576f"}
,"/Users/aptyuser/Desktop/Mamatha_Final/Mamatha/GroceryApp/GroceryApp/src/components/IndividualCategoryItemsList.js": {"path":"/Users/aptyuser/Desktop/Mamatha_Final/Mamatha/GroceryApp/GroceryApp/src/components/IndividualCategoryItemsList.js","statementMap":{"0":{"start":{"line":6,"column":34},"end":{"line":30,"column":1}},"1":{"start":{"line":9,"column":5},"end":{"line":9,"column":50}},"2":{"start":{"line":10,"column":43},"end":{"line":10,"column":103}},"3":{"start":{"line":11,"column":5},"end":{"line":29,"column":5}},"4":{"start":{"line":21,"column":16},"end":{"line":21,"column":136}}},"fnMap":{"0":{"name":"(anonymous_0)","decl":{"start":{"line":6,"column":34},"end":{"line":6,"column":35}},"loc":{"start":{"line":6,"column":58},"end":{"line":30,"column":1}},"line":6},"1":{"name":"(anonymous_1)","decl":{"start":{"line":19,"column":60},"end":{"line":19,"column":61}},"loc":{"start":{"line":19,"column":74},"end":{"line":23,"column":12}},"line":19}},"branchMap":{"0":{"loc":{"start":{"line":12,"column":8},"end":{"line":28,"column":14}},"type":"binary-expr","locations":[{"start":{"line":12,"column":9},"end":{"line":12,"column":46}},{"start":{"line":12,"column":52},"end":{"line":12,"column":106}},{"start":{"line":12,"column":112},"end":{"line":28,"column":14}}],"line":12},"1":{"loc":{"start":{"line":21,"column":23},"end":{"line":21,"column":136}},"type":"cond-expr","locations":[{"start":{"line":21,"column":48},"end":{"line":21,"column":86}},{"start":{"line":21,"column":90},"end":{"line":21,"column":136}}],"line":21}},"s":{"0":1,"1":0,"2":0,"3":0,"4":0},"f":{"0":0,"1":0},"b":{"0":[0,0,0],"1":[0,0]},"_coverageSchema":"1a1c01bbd47fc00a2c39e90264f33305004495a9","hash":"6c900f3aee73649ab156892ca96b26a6b642b3d2"}
,"/Users/aptyuser/Desktop/Mamatha_Final/Mamatha/GroceryApp/GroceryApp/src/components/Login.js": {"path":"/Users/aptyuser/Desktop/Mamatha_Final/Mamatha/GroceryApp/GroceryApp/src/components/Login.js","statementMap":{"0":{"start":{"line":4,"column":12},"end":{"line":11,"column":1}},"1":{"start":{"line":5,"column":4},"end":{"line":10,"column":5}}},"fnMap":{"0":{"name":"(anonymous_0)","decl":{"start":{"line":4,"column":12},"end":{"line":4,"column":13}},"loc":{"start":{"line":4,"column":16},"end":{"line":11,"column":1}},"line":4}},"branchMap":{},"s":{"0":1,"1":2},"f":{"0":2},"b":{},"_coverageSchema":"1a1c01bbd47fc00a2c39e90264f33305004495a9","hash":"de995afa2095840d07d0c67de989d4904ac26141"}
,"/Users/aptyuser/Desktop/Mamatha_Final/Mamatha/GroceryApp/GroceryApp/src/components/Shimmer.js": {"path":"/Users/aptyuser/Desktop/Mamatha_Final/Mamatha/GroceryApp/GroceryApp/src/components/Shimmer.js","statementMap":{"0":{"start":{"line":3,"column":14},"end":{"line":19,"column":1}},"1":{"start":{"line":4,"column":4},"end":{"line":17,"column":5}}},"fnMap":{"0":{"name":"(anonymous_0)","decl":{"start":{"line":3,"column":14},"end":{"line":3,"column":15}},"loc":{"start":{"line":3,"column":18},"end":{"line":19,"column":1}},"line":3}},"branchMap":{},"s":{"0":1,"1":2},"f":{"0":2},"b":{},"_coverageSchema":"1a1c01bbd47fc00a2c39e90264f33305004495a9","hash":"74279704a1283a96edd40c48623600e011bb337b"}
,"/Users/aptyuser/Desktop/Mamatha_Final/Mamatha/GroceryApp/GroceryApp/src/components/sum.js": {"path":"/Users/aptyuser/Desktop/Mamatha_Final/Mamatha/GroceryApp/GroceryApp/src/components/sum.js","statementMap":{"0":{"start":{"line":3,"column":18},"end":{"line":5,"column":1}},"1":{"start":{"line":4,"column":4},"end":{"line":4,"column":15}}},"fnMap":{"0":{"name":"(anonymous_0)","decl":{"start":{"line":3,"column":18},"end":{"line":3,"column":19}},"loc":{"start":{"line":3,"column":25},"end":{"line":5,"column":1}},"line":3}},"branchMap":{},"s":{"0":1,"1":1},"f":{"0":1},"b":{},"_coverageSchema":"1a1c01bbd47fc00a2c39e90264f33305004495a9","hash":"42c0ad961b9dd99b79a9e19d62bf86814d7023c8"}
,"/Users/aptyuser/Desktop/Mamatha_Final/Mamatha/GroceryApp/GroceryApp/src/utils/AddItemsToCartContext.js": {"path":"/Users/aptyuser/Desktop/Mamatha_Final/Mamatha/GroceryApp/GroceryApp/src/utils/AddItemsToCartContext.js","statementMap":{"0":{"start":{"line":3,"column":35},"end":{"line":3,"column":50}}},"fnMap":{},"branchMap":{},"s":{"0":1},"f":{},"b":{},"_coverageSchema":"1a1c01bbd47fc00a2c39e90264f33305004495a9","hash":"7dc49be6961a25ae144061222a9d4c288447f71f"}
,"/Users/aptyuser/Desktop/Mamatha_Final/Mamatha/GroceryApp/GroceryApp/src/utils/CategoryContext.js": {"path":"/Users/aptyuser/Desktop/Mamatha_Final/Mamatha/GroceryApp/GroceryApp/src/utils/CategoryContext.js","statementMap":{"0":{"start":{"line":4,"column":35},"end":{"line":4,"column":50}},"1":{"start":{"line":6,"column":29},"end":{"line":27,"column":1}},"2":{"start":{"line":7,"column":33},"end":{"line":7,"column":45}},"3":{"start":{"line":11,"column":21},"end":{"line":19,"column":5}},"4":{"start":{"line":13,"column":20},"end":{"line":13,"column":70}},"5":{"start":{"line":14,"column":24},"end":{"line":14,"column":41}},"6":{"start":{"line":15,"column":8},"end":{"line":15,"column":42}},"7":{"start":{"line":16,"column":8},"end":{"line":16,"column":41}},"8":{"start":{"line":21,"column":4},"end":{"line":24,"column":9}},"9":{"start":{"line":22,"column":8},"end":{"line":22,"column":20}},"10":{"start":{"line":25,"column":4},"end":{"line":25,"column":20}}},"fnMap":{"0":{"name":"(anonymous_0)","decl":{"start":{"line":6,"column":29},"end":{"line":6,"column":30}},"loc":{"start":{"line":6,"column":33},"end":{"line":27,"column":1}},"line":6},"1":{"name":"(anonymous_1)","decl":{"start":{"line":11,"column":21},"end":{"line":11,"column":22}},"loc":{"start":{"line":11,"column":31},"end":{"line":19,"column":5}},"line":11},"2":{"name":"(anonymous_2)","decl":{"start":{"line":21,"column":14},"end":{"line":21,"column":15}},"loc":{"start":{"line":21,"column":18},"end":{"line":24,"column":5}},"line":21}},"branchMap":{},"s":{"0":1,"1":1,"2":0,"3":0,"4":0,"5":0,"6":0,"7":0,"8":0,"9":0,"10":0},"f":{"0":0,"1":0,"2":0},"b":{},"_coverageSchema":"1a1c01bbd47fc00a2c39e90264f33305004495a9","hash":"9269b9254c6dc54811ce933667056701ae8a40b4"}
,"/Users/aptyuser/Desktop/Mamatha_Final/Mamatha/GroceryApp/GroceryApp/src/utils/cartSlice.js": {"path":"/Users/aptyuser/Desktop/Mamatha_Final/Mamatha/GroceryApp/GroceryApp/src/utils/cartSlice.js","statementMap":{"0":{"start":{"line":4,"column":17},"end":{"line":31,"column":2}},"1":{"start":{"line":11,"column":13},"end":{"line":11,"column":45}},"2":{"start":{"line":14,"column":12},"end":{"line":14,"column":61}},"3":{"start":{"line":15,"column":12},"end":{"line":15,"column":73}},"4":{"start":{"line":18,"column":10},"end":{"line":24,"column":12}},"5":{"start":{"line":19,"column":12},"end":{"line":22,"column":13}},"6":{"start":{"line":21,"column":16},"end":{"line":21,"column":43}},"7":{"start":{"line":25,"column":13},"end":{"line":25,"column":51}},"8":{"start":{"line":28,"column":13},"end":{"line":28,"column":27}},"9":{"start":{"line":34,"column":46},"end":{"line":34,"column":63}}},"fnMap":{"0":{"name":"(anonymous_0)","decl":{"start":{"line":10,"column":18},"end":{"line":10,"column":19}},"loc":{"start":{"line":10,"column":34},"end":{"line":12,"column":9}},"line":10},"1":{"name":"(anonymous_1)","decl":{"start":{"line":13,"column":21},"end":{"line":13,"column":22}},"loc":{"start":{"line":13,"column":37},"end":{"line":26,"column":9}},"line":13},"2":{"name":"(anonymous_2)","decl":{"start":{"line":18,"column":29},"end":{"line":18,"column":30}},"loc":{"start":{"line":18,"column":43},"end":{"line":24,"column":11}},"line":18},"3":{"name":"(anonymous_3)","decl":{"start":{"line":27,"column":20},"end":{"line":27,"column":21}},"loc":{"start":{"line":27,"column":29},"end":{"line":29,"column":9}},"line":27}},"branchMap":{"0":{"loc":{"start":{"line":19,"column":12},"end":{"line":22,"column":13}},"type":"if","locations":[{"start":{"line":19,"column":12},"end":{"line":22,"column":13}},{"start":{},"end":{}}],"line":19}},"s":{"0":1,"1":0,"2":0,"3":0,"4":0,"5":0,"6":0,"7":0,"8":0,"9":1},"f":{"0":0,"1":0,"2":0,"3":0},"b":{"0":[0,0]},"_coverageSchema":"1a1c01bbd47fc00a2c39e90264f33305004495a9","hash":"4f053fcc86ddd4fc8907975b9bb06b1a35250d29"}
,"/Users/aptyuser/Desktop/Mamatha_Final/Mamatha/GroceryApp/GroceryApp/src/utils/constants.js": {"path":"/Users/aptyuser/Desktop/Mamatha_Final/Mamatha/GroceryApp/GroceryApp/src/utils/constants.js","statementMap":{"0":{"start":{"line":1,"column":30},"end":{"line":17580,"column":1}}},"fnMap":{},"branchMap":{},"s":{"0":1},"f":{},"b":{},"_coverageSchema":"1a1c01bbd47fc00a2c39e90264f33305004495a9","hash":"b19c847ba8865a5070f32667170722211611d805"}
,"/Users/aptyuser/Desktop/Mamatha_Final/Mamatha/GroceryApp/GroceryApp/src/utils/useCategoryList.js": {"path":"/Users/aptyuser/Desktop/Mamatha_Final/Mamatha/GroceryApp/GroceryApp/src/utils/useCategoryList.js","statementMap":{"0":{"start":{"line":5,"column":22},"end":{"line":27,"column":1}},"1":{"start":{"line":7,"column":44},"end":{"line":7,"column":56}},"2":{"start":{"line":8,"column":48},"end":{"line":8,"column":60}},"3":{"start":{"line":9,"column":21},"end":{"line":20,"column":5}},"4":{"start":{"line":11,"column":20},"end":{"line":11,"column":70}},"5":{"start":{"line":12,"column":24},"end":{"line":12,"column":41}},"6":{"start":{"line":13,"column":8},"end":{"line":13,"column":42}},"7":{"start":{"line":14,"column":7},"end":{"line":17,"column":14}},"8":{"start":{"line":15,"column":8},"end":{"line":15,"column":47}},"9":{"start":{"line":16,"column":8},"end":{"line":16,"column":46}},"10":{"start":{"line":22,"column":4},"end":{"line":25,"column":9}},"11":{"start":{"line":23,"column":8},"end":{"line":23,"column":20}},"12":{"start":{"line":26,"column":4},"end":{"line":26,"column":45}}},"fnMap":{"0":{"name":"(anonymous_0)","decl":{"start":{"line":5,"column":22},"end":{"line":5,"column":23}},"loc":{"start":{"line":5,"column":26},"end":{"line":27,"column":1}},"line":5},"1":{"name":"(anonymous_1)","decl":{"start":{"line":9,"column":21},"end":{"line":9,"column":22}},"loc":{"start":{"line":9,"column":31},"end":{"line":20,"column":5}},"line":9},"2":{"name":"(anonymous_2)","decl":{"start":{"line":14,"column":18},"end":{"line":14,"column":19}},"loc":{"start":{"line":14,"column":22},"end":{"line":17,"column":8}},"line":14},"3":{"name":"(anonymous_3)","decl":{"start":{"line":22,"column":14},"end":{"line":22,"column":15}},"loc":{"start":{"line":22,"column":18},"end":{"line":25,"column":5}},"line":22}},"branchMap":{},"s":{"0":1,"1":0,"2":0,"3":0,"4":0,"5":0,"6":0,"7":0,"8":0,"9":0,"10":0,"11":0,"12":0},"f":{"0":0,"1":0,"2":0,"3":0},"b":{},"_coverageSchema":"1a1c01bbd47fc00a2c39e90264f33305004495a9","hash":"d0f9dff72886b94f65d89095ecc3372299e8d42b"}
,"/Users/aptyuser/Desktop/Mamatha_Final/Mamatha/GroceryApp/GroceryApp/src/utils/useOnlineStatus.js": {"path":"/Users/aptyuser/Desktop/Mamatha_Final/Mamatha/GroceryApp/GroceryApp/src/utils/useOnlineStatus.js","statementMap":{"0":{"start":{"line":4,"column":22},"end":{"line":27,"column":1}},"1":{"start":{"line":7,"column":37},"end":{"line":7,"column":86}},"2":{"start":{"line":9,"column":21},"end":{"line":9,"column":51}},"3":{"start":{"line":9,"column":26},"end":{"line":9,"column":51}},"4":{"start":{"line":10,"column":22},"end":{"line":10,"column":53}},"5":{"start":{"line":10,"column":27},"end":{"line":10,"column":53}},"6":{"start":{"line":11,"column":4},"end":{"line":20,"column":9}},"7":{"start":{"line":14,"column":8},"end":{"line":14,"column":54}},"8":{"start":{"line":15,"column":8},"end":{"line":15,"column":57}},"9":{"start":{"line":16,"column":8},"end":{"line":19,"column":9}},"10":{"start":{"line":17,"column":12},"end":{"line":17,"column":62}},"11":{"start":{"line":18,"column":12},"end":{"line":18,"column":64}},"12":{"start":{"line":25,"column":4},"end":{"line":25,"column":24}}},"fnMap":{"0":{"name":"(anonymous_0)","decl":{"start":{"line":4,"column":22},"end":{"line":4,"column":23}},"loc":{"start":{"line":4,"column":26},"end":{"line":27,"column":1}},"line":4},"1":{"name":"(anonymous_1)","decl":{"start":{"line":9,"column":21},"end":{"line":9,"column":22}},"loc":{"start":{"line":9,"column":26},"end":{"line":9,"column":51}},"line":9},"2":{"name":"(anonymous_2)","decl":{"start":{"line":10,"column":22},"end":{"line":10,"column":23}},"loc":{"start":{"line":10,"column":27},"end":{"line":10,"column":53}},"line":10},"3":{"name":"(anonymous_3)","decl":{"start":{"line":11,"column":14},"end":{"line":11,"column":15}},"loc":{"start":{"line":11,"column":18},"end":{"line":20,"column":5}},"line":11},"4":{"name":"(anonymous_4)","decl":{"start":{"line":16,"column":15},"end":{"line":16,"column":16}},"loc":{"start":{"line":16,"column":19},"end":{"line":19,"column":9}},"line":16}},"branchMap":{"0":{"loc":{"start":{"line":7,"column":46},"end":{"line":7,"column":85}},"type":"cond-expr","locations":[{"start":{"line":7,"column":65},"end":{"line":7,"column":73}},{"start":{"line":7,"column":76},"end":{"line":7,"column":85}}],"line":7}},"s":{"0":1,"1":11,"2":11,"3":0,"4":11,"5":2,"6":11,"7":8,"8":8,"9":8,"10":8,"11":8,"12":11},"f":{"0":11,"1":0,"2":2,"3":8,"4":8},"b":{"0":[11,0]},"_coverageSchema":"1a1c01bbd47fc00a2c39e90264f33305004495a9","hash":"46400aa28fa29cd52e785221141d95dd1fc1bd58"}
}
