{"/Users/aptyuser/Desktop/Mamatha_Final/Mamatha/GroceryApp/GroceryApp/src/components/Header.js": {"path":"/Users/aptyuser/Desktop/Mamatha_Final/Mamatha/GroceryApp/GroceryApp/src/components/Header.js","statementMap":{"0":{"start":{"line":8,"column":14},"end":{"line":49,"column":1}},"1":{"start":{"line":9,"column":39},"end":{"line":9,"column":57}},"2":{"start":{"line":10,"column":23},"end":{"line":10,"column":40}},"3":{"start":{"line":15,"column":18},"end":{"line":15,"column":56}},"4":{"start":{"line":15,"column":39},"end":{"line":15,"column":55}},"5":{"start":{"line":17,"column":6},"end":{"line":17,"column":30}},"6":{"start":{"line":19,"column":4},"end":{"line":48,"column":5}},"7":{"start":{"line":31,"column":24},"end":{"line":31,"column":67}},"8":{"start":{"line":37,"column":28},"end":{"line":40,"column":50}},"9":{"start":{"line":38,"column":28},"end":{"line":38,"column":52}},"10":{"start":{"line":40,"column":27},"end":{"line":40,"column":50}}},"fnMap":{"0":{"name":"(anonymous_0)","decl":{"start":{"line":8,"column":14},"end":{"line":8,"column":15}},"loc":{"start":{"line":8,"column":18},"end":{"line":49,"column":1}},"line":8},"1":{"name":"(anonymous_1)","decl":{"start":{"line":15,"column":30},"end":{"line":15,"column":31}},"loc":{"start":{"line":15,"column":39},"end":{"line":15,"column":55}},"line":15},"2":{"name":"(anonymous_2)","decl":{"start":{"line":30,"column":113},"end":{"line":30,"column":114}},"loc":{"start":{"line":30,"column":118},"end":{"line":32,"column":21}},"line":30},"3":{"name":"(anonymous_3)","decl":{"start":{"line":36,"column":76},"end":{"line":36,"column":77}},"loc":{"start":{"line":36,"column":80},"end":{"line":41,"column":25}},"line":36}},"branchMap":{"0":{"loc":{"start":{"line":37,"column":28},"end":{"line":40,"column":50}},"type":"if","locations":[{"start":{"line":37,"column":28},"end":{"line":40,"column":50}},{"start":{"line":40,"column":27},"end":{"line":40,"column":50}}],"line":37}},"s":{"0":1,"1":3,"2":2,"3":2,"4":0,"5":0,"6":0,"7":0,"8":0,"9":0,"10":0},"f":{"0":3,"1":0,"2":0,"3":0},"b":{"0":[0,0]},"_coverageSchema":"1a1c01bbd47fc00a2c39e90264f33305004495a9","hash":"ab7bd64af41bedd40078ab861a4dc445391a0a19"}
,"/Users/aptyuser/Desktop/Mamatha_Final/Mamatha/GroceryApp/GroceryApp/src/components/Login.js": {"path":"/Users/aptyuser/Desktop/Mamatha_Final/Mamatha/GroceryApp/GroceryApp/src/components/Login.js","statementMap":{"0":{"start":{"line":4,"column":12},"end":{"line":11,"column":1}},"1":{"start":{"line":5,"column":4},"end":{"line":10,"column":5}}},"fnMap":{"0":{"name":"(anonymous_0)","decl":{"start":{"line":4,"column":12},"end":{"line":4,"column":13}},"loc":{"start":{"line":4,"column":16},"end":{"line":11,"column":1}},"line":4}},"branchMap":{},"s":{"0":1,"1":1},"f":{"0":1},"b":{},"_coverageSchema":"1a1c01bbd47fc00a2c39e90264f33305004495a9","hash":"de995afa2095840d07d0c67de989d4904ac26141"}
,"/Users/aptyuser/Desktop/Mamatha_Final/Mamatha/GroceryApp/GroceryApp/src/components/sum.js": {"path":"/Users/aptyuser/Desktop/Mamatha_Final/Mamatha/GroceryApp/GroceryApp/src/components/sum.js","statementMap":{"0":{"start":{"line":3,"column":18},"end":{"line":5,"column":1}},"1":{"start":{"line":4,"column":4},"end":{"line":4,"column":15}}},"fnMap":{"0":{"name":"(anonymous_0)","decl":{"start":{"line":3,"column":18},"end":{"line":3,"column":19}},"loc":{"start":{"line":3,"column":25},"end":{"line":5,"column":1}},"line":3}},"branchMap":{},"s":{"0":1,"1":1},"f":{"0":1},"b":{},"_coverageSchema":"1a1c01bbd47fc00a2c39e90264f33305004495a9","hash":"42c0ad961b9dd99b79a9e19d62bf86814d7023c8"}
,"/Users/aptyuser/Desktop/Mamatha_Final/Mamatha/GroceryApp/GroceryApp/src/utils/AddItemsToCartContext.js": {"path":"/Users/aptyuser/Desktop/Mamatha_Final/Mamatha/GroceryApp/GroceryApp/src/utils/AddItemsToCartContext.js","statementMap":{"0":{"start":{"line":3,"column":35},"end":{"line":3,"column":50}}},"fnMap":{},"branchMap":{},"s":{"0":1},"f":{},"b":{},"_coverageSchema":"1a1c01bbd47fc00a2c39e90264f33305004495a9","hash":"7dc49be6961a25ae144061222a9d4c288447f71f"}
,"/Users/aptyuser/Desktop/Mamatha_Final/Mamatha/GroceryApp/GroceryApp/src/utils/useOnlineStatus.js": {"path":"/Users/aptyuser/Desktop/Mamatha_Final/Mamatha/GroceryApp/GroceryApp/src/utils/useOnlineStatus.js","statementMap":{"0":{"start":{"line":4,"column":22},"end":{"line":23,"column":1}},"1":{"start":{"line":7,"column":37},"end":{"line":7,"column":56}},"2":{"start":{"line":8,"column":4},"end":{"line":17,"column":9}},"3":{"start":{"line":11,"column":8},"end":{"line":13,"column":10}},"4":{"start":{"line":12,"column":12},"end":{"line":12,"column":37}},"5":{"start":{"line":14,"column":8},"end":{"line":16,"column":10}},"6":{"start":{"line":15,"column":12},"end":{"line":15,"column":38}},"7":{"start":{"line":21,"column":4},"end":{"line":21,"column":24}}},"fnMap":{"0":{"name":"(anonymous_0)","decl":{"start":{"line":4,"column":22},"end":{"line":4,"column":23}},"loc":{"start":{"line":4,"column":26},"end":{"line":23,"column":1}},"line":4},"1":{"name":"(anonymous_1)","decl":{"start":{"line":8,"column":14},"end":{"line":8,"column":15}},"loc":{"start":{"line":8,"column":18},"end":{"line":17,"column":5}},"line":8},"2":{"name":"(anonymous_2)","decl":{"start":{"line":11,"column":41},"end":{"line":11,"column":42}},"loc":{"start":{"line":11,"column":45},"end":{"line":13,"column":9}},"line":11},"3":{"name":"(anonymous_3)","decl":{"start":{"line":14,"column":42},"end":{"line":14,"column":43}},"loc":{"start":{"line":14,"column":46},"end":{"line":16,"column":9}},"line":14}},"branchMap":{},"s":{"0":1,"1":2,"2":2,"3":0,"4":0,"5":0,"6":0,"7":2},"f":{"0":2,"1":0,"2":0,"3":0},"b":{},"_coverageSchema":"1a1c01bbd47fc00a2c39e90264f33305004495a9","hash":"547cc2c9aabd17ba680c7ebd3a0133ae92d6b126"}
}
