TN:
SF:src/components/Body.js
FN:12,(anonymous_0)
FN:23,(anonymous_1)
FN:28,(anonymous_2)
FN:36,(anonymous_3)
FN:47,(anonymous_4)
FN:50,doSomeMagic
FN:52,(anonymous_6)
FN:55,(anonymous_7)
FN:63,searchFn
FN:72,(anonymous_9)
FN:78,(anonymous_10)
FN:100,(anonymous_11)
FNF:12
FNH:12
FNDA:9,(anonymous_0)
FNDA:4,(anonymous_1)
FNDA:4,(anonymous_2)
FNDA:4,(anonymous_3)
FNDA:1,(anonymous_4)
FNDA:1,doSomeMagic
FNDA:1,(anonymous_6)
FNDA:1,(anonymous_7)
FNDA:1,searchFn
FNDA:1,(anonymous_9)
FNDA:10,(anonymous_10)
FNDA:44,(anonymous_11)
DA:12,1
DA:16,9
DA:19,9
DA:20,9
DA:23,9
DA:25,4
DA:26,4
DA:28,4
DA:29,4
DA:30,4
DA:36,9
DA:37,4
DA:43,9
DA:52,1
DA:54,1
DA:55,1
DA:57,1
DA:66,1
DA:68,1
DA:69,1
DA:74,1
DA:75,1
DA:76,1
DA:78,1
DA:81,10
DA:85,1
DA:101,44
LF:27
LH:27
BRDA:43,0,0,4
BRDA:43,0,1,5
BRDA:75,1,0,1
BRDA:75,1,1,0
BRF:4
BRH:3
end_of_record
TN:
SF:src/components/CategoryCard.js
FN:5,(anonymous_0)
FN:14,(anonymous_1)
FNF:2
FNH:1
FNDA:5,(anonymous_0)
FNDA:0,(anonymous_1)
DA:5,1
DA:9,5
DA:11,5
DA:16,0
LF:4
LH:3
BRF:0
BRH:0
end_of_record
TN:
SF:src/components/Header.js
FN:8,(anonymous_0)
FN:15,(anonymous_1)
FN:30,(anonymous_2)
FN:36,(anonymous_3)
FNF:4
FNH:3
FNDA:9,(anonymous_0)
FNDA:16,(anonymous_1)
FNDA:0,(anonymous_2)
FNDA:1,(anonymous_3)
DA:8,1
DA:9,9
DA:10,9
DA:15,16
DA:19,9
DA:38,1
LF:6
LH:6
BRF:0
BRH:0
end_of_record
TN:
SF:src/components/IndividualCategoryItem.js
FN:4,(anonymous_0)
FN:19,(anonymous_1)
FN:20,(anonymous_2)
FNF:3
FNH:3
FNDA:525,(anonymous_0)
FNDA:44,(anonymous_1)
FNDA:120,(anonymous_2)
DA:4,1
DA:7,525
DA:19,1
DA:20,44
DA:22,120
LF:5
LH:5
BRF:0
BRH:0
end_of_record
TN:
SF:src/components/IndividualCategoryItemsList.js
FN:6,(anonymous_0)
FN:19,(anonymous_1)
FNF:2
FNH:2
FNDA:44,(anonymous_0)
FNDA:525,(anonymous_1)
DA:6,1
DA:10,44
DA:11,44
DA:21,525
LF:4
LH:4
BRDA:12,0,0,44
BRDA:12,0,1,38
BRDA:12,0,2,35
BRDA:21,1,0,405
BRDA:21,1,1,120
BRF:5
BRH:5
end_of_record
TN:
SF:src/components/Login.js
FN:4,(anonymous_0)
FNF:1
FNH:1
FNDA:2,(anonymous_0)
DA:4,1
DA:5,2
LF:2
LH:2
BRF:0
BRH:0
end_of_record
TN:
SF:src/components/Shimmer.js
FN:3,(anonymous_0)
FNF:1
FNH:1
FNDA:4,(anonymous_0)
DA:3,1
DA:4,4
LF:2
LH:2
BRF:0
BRH:0
end_of_record
TN:
SF:src/components/sum.js
FN:3,(anonymous_0)
FNF:1
FNH:1
FNDA:1,(anonymous_0)
DA:3,1
DA:4,1
LF:2
LH:2
BRF:0
BRH:0
end_of_record
TN:
SF:src/utils/AddItemsToCartContext.js
FNF:0
FNH:0
DA:3,1
LF:1
LH:1
BRF:0
BRH:0
end_of_record
TN:
SF:src/utils/CategoryContext.js
FN:6,(anonymous_0)
FN:11,(anonymous_1)
FN:21,(anonymous_2)
FNF:3
FNH:0
FNDA:0,(anonymous_0)
FNDA:0,(anonymous_1)
FNDA:0,(anonymous_2)
DA:4,1
DA:6,1
DA:7,0
DA:11,0
DA:13,0
DA:14,0
DA:16,0
DA:21,0
DA:22,0
DA:25,0
LF:10
LH:2
BRF:0
BRH:0
end_of_record
TN:
SF:src/utils/cartSlice.js
FN:10,(anonymous_0)
FN:13,(anonymous_1)
FN:18,(anonymous_2)
FN:27,(anonymous_3)
FNF:4
FNH:0
FNDA:0,(anonymous_0)
FNDA:0,(anonymous_1)
FNDA:0,(anonymous_2)
FNDA:0,(anonymous_3)
DA:4,1
DA:11,0
DA:14,0
DA:15,0
DA:18,0
DA:19,0
DA:21,0
DA:25,0
DA:28,0
DA:34,1
LF:10
LH:2
BRDA:19,0,0,0
BRDA:19,0,1,0
BRF:2
BRH:0
end_of_record
TN:
SF:src/utils/constants.js
FNF:0
FNH:0
DA:1,1
LF:1
LH:1
BRF:0
BRH:0
end_of_record
TN:
SF:src/utils/useCategoryList.js
FN:5,(anonymous_0)
FN:9,(anonymous_1)
FN:14,(anonymous_2)
FN:22,(anonymous_3)
FNF:4
FNH:0
FNDA:0,(anonymous_0)
FNDA:0,(anonymous_1)
FNDA:0,(anonymous_2)
FNDA:0,(anonymous_3)
DA:5,1
DA:7,0
DA:8,0
DA:9,0
DA:11,0
DA:12,0
DA:13,0
DA:14,0
DA:15,0
DA:16,0
DA:22,0
DA:23,0
DA:26,0
LF:13
LH:1
BRF:0
BRH:0
end_of_record
TN:
SF:src/utils/useOnlineStatus.js
FN:4,(anonymous_0)
FN:9,(anonymous_1)
FN:10,(anonymous_2)
FN:11,(anonymous_3)
FN:16,(anonymous_4)
FNF:5
FNH:4
FNDA:11,(anonymous_0)
FNDA:0,(anonymous_1)
FNDA:2,(anonymous_2)
FNDA:8,(anonymous_3)
FNDA:8,(anonymous_4)
DA:4,1
DA:7,11
DA:9,11
DA:10,11
DA:11,11
DA:14,8
DA:15,8
DA:16,8
DA:17,8
DA:18,8
DA:25,11
LF:11
LH:11
BRDA:7,0,0,11
BRDA:7,0,1,0
BRF:2
BRH:1
end_of_record
